Determining if the pthread_create exist failed with the following output:
Change Dir: /home/altair/indigo_ws/src/ros_web_cam/build/CMakeFiles/CMakeTmp

Run Build Command:/usr/bin/make "cmTryCompileExec2985539363/fast"
/usr/bin/make -f CMakeFiles/cmTryCompileExec2985539363.dir/build.make CMakeFiles/cmTryCompileExec2985539363.dir/build
make[1]: ingresso nella directory "/home/altair/indigo_ws/src/ros_web_cam/build/CMakeFiles/CMakeTmp"
/usr/bin/cmake -E cmake_progress_report /home/altair/indigo_ws/src/ros_web_cam/build/CMakeFiles/CMakeTmp/CMakeFiles 1
Building C object CMakeFiles/cmTryCompileExec2985539363.dir/CheckSymbolExists.c.o
/usr/bin/cc    -o CMakeFiles/cmTryCompileExec2985539363.dir/CheckSymbolExists.c.o   -c /home/altair/indigo_ws/src/ros_web_cam/build/CMakeFiles/CMakeTmp/CheckSymbolExists.c
Linking C executable cmTryCompileExec2985539363
/usr/bin/cmake -E cmake_link_script CMakeFiles/cmTryCompileExec2985539363.dir/link.txt --verbose=1
/usr/bin/cc       CMakeFiles/cmTryCompileExec2985539363.dir/CheckSymbolExists.c.o  -o cmTryCompileExec2985539363 -rdynamic 
CMakeFiles/cmTryCompileExec2985539363.dir/CheckSymbolExists.c.o: nella funzione "main":
CheckSymbolExists.c:(.text+0xa): riferimento non definito a "pthread_create"
collect2: error: ld returned 1 exit status
make[1]: *** [cmTryCompileExec2985539363] Errore 1
make[1]: uscita dalla directory "/home/altair/indigo_ws/src/ros_web_cam/build/CMakeFiles/CMakeTmp"
make: *** [cmTryCompileExec2985539363/fast] Errore 2

File /home/altair/indigo_ws/src/ros_web_cam/build/CMakeFiles/CMakeTmp/CheckSymbolExists.c:
/* */
#include <pthread.h>

int main(int argc, char** argv)
{
  (void)argv;
#ifndef pthread_create
  return ((int*)(&pthread_create))[argc];
#else
  (void)argc;
  return 0;
#endif
}

Determining if the function pthread_create exists in the pthreads failed with the following output:
Change Dir: /home/altair/indigo_ws/src/ros_web_cam/build/CMakeFiles/CMakeTmp

Run Build Command:/usr/bin/make "cmTryCompileExec3671248635/fast"
/usr/bin/make -f CMakeFiles/cmTryCompileExec3671248635.dir/build.make CMakeFiles/cmTryCompileExec3671248635.dir/build
make[1]: ingresso nella directory "/home/altair/indigo_ws/src/ros_web_cam/build/CMakeFiles/CMakeTmp"
/usr/bin/cmake -E cmake_progress_report /home/altair/indigo_ws/src/ros_web_cam/build/CMakeFiles/CMakeTmp/CMakeFiles 1
Building C object CMakeFiles/cmTryCompileExec3671248635.dir/CheckFunctionExists.c.o
/usr/bin/cc   -DCHECK_FUNCTION_EXISTS=pthread_create   -o CMakeFiles/cmTryCompileExec3671248635.dir/CheckFunctionExists.c.o   -c /usr/share/cmake-2.8/Modules/CheckFunctionExists.c
Linking C executable cmTryCompileExec3671248635
/usr/bin/cmake -E cmake_link_script CMakeFiles/cmTryCompileExec3671248635.dir/link.txt --verbose=1
/usr/bin/cc   -DCHECK_FUNCTION_EXISTS=pthread_create    CMakeFiles/cmTryCompileExec3671248635.dir/CheckFunctionExists.c.o  -o cmTryCompileExec3671248635 -rdynamic -lpthreads 
/usr/bin/ld: impossibile trovare -lpthreads
collect2: error: ld returned 1 exit status
make[1]: *** [cmTryCompileExec3671248635] Errore 1
make[1]: uscita dalla directory "/home/altair/indigo_ws/src/ros_web_cam/build/CMakeFiles/CMakeTmp"
make: *** [cmTryCompileExec3671248635/fast] Errore 2


